----------------------------------------------------------------
Thu Apr 30 00:32:59 CST 2020:
Booting Derby version The Apache Software Foundation - Apache Derby - 10.14.2.0 - (1828579): instance a816c00e-0171-c6c8-b170-0000196b48a0 
on database directory /Users/lei/workspaces/studySpace/kassadin/local.test.db with class loader sun.misc.Launcher$AppClassLoader@18b4aac2 
Loaded from file:/Users/lei/workspaces/repository/commonRep/org/apache/derby/derby/10.14.2.0/derby-10.14.2.0.jar
java.vendor=Oracle Corporation
java.runtime.version=1.8.0_221-b11
user.dir=/Users/lei/workspaces/studySpace/kassadin
os.name=Mac OS X
os.arch=x86_64
os.version=10.15.4
derby.system.home=null
Database Class Loader started - derby.database.classpath=''
----------------------------------------------------------------
Thu Apr 30 00:36:14 CST 2020:
Booting Derby version The Apache Software Foundation - Apache Derby - 10.14.2.0 - (1828579): instance 560740aa-0171-c6c8-b170-0000196b48a0 
on database directory memory:/Users/lei/workspaces/studySpace/kassadin/testdb with class loader sun.misc.Launcher$AppClassLoader@18b4aac2 
Loaded from file:/Users/lei/workspaces/repository/commonRep/org/apache/derby/derby/10.14.2.0/derby-10.14.2.0.jar
java.vendor=Oracle Corporation
java.runtime.version=1.8.0_221-b11
user.dir=/Users/lei/workspaces/studySpace/kassadin
os.name=Mac OS X
os.arch=x86_64
os.version=10.15.4
derby.system.home=null
Database Class Loader started - derby.database.classpath=''
----------------------------------------------------------------
Thu Apr 30 00:36:15 CST 2020:
Shutting down instance 560740aa-0171-c6c8-b170-0000196b48a0 on database directory memory:/Users/lei/workspaces/studySpace/kassadin/testdb with class loader sun.misc.Launcher$AppClassLoader@18b4aac2 
----------------------------------------------------------------
Thu Apr 30 00:36:15 CST 2020:
Booting Derby version The Apache Software Foundation - Apache Derby - 10.14.2.0 - (1828579): instance 736a8145-0171-c6c8-b170-0000196b48a0 
on database directory memory:/Users/lei/workspaces/studySpace/kassadin/testdb with class loader sun.misc.Launcher$AppClassLoader@18b4aac2 
Loaded from file:/Users/lei/workspaces/repository/commonRep/org/apache/derby/derby/10.14.2.0/derby-10.14.2.0.jar
java.vendor=Oracle Corporation
java.runtime.version=1.8.0_221-b11
user.dir=/Users/lei/workspaces/studySpace/kassadin
os.name=Mac OS X
os.arch=x86_64
os.version=10.15.4
derby.system.home=null
Database Class Loader started - derby.database.classpath=''
